<?xml version="1.0" encoding="UTF-8"?>
<testsuite xmlns:xsi="http://www.w3.org/2001/XMLSchema-instance" xsi:noNamespaceSchemaLocation="https://maven.apache.org/surefire/maven-surefire-plugin/xsd/surefire-test-report-3.0.xsd" version="3.0" name="com.example.tests.runners.TestRunner" time="6.305" tests="1" errors="0" skipped="0" failures="0">
  <properties>
    <property name="gopherProxySet" value="false"/>
    <property name="awt.toolkit" value="sun.lwawt.macosx.LWCToolkit"/>
    <property name="java.specification.version" value="11"/>
    <property name="sun.cpu.isalist" value=""/>
    <property name="sun.jnu.encoding" value="UTF-8"/>
    <property name="java.class.path" value="/Users/alishbat/Documents/API-Automation-Challenge-AlishbaK/target/test-classes:/Users/alishbat/Documents/API-Automation-Challenge-AlishbaK/target/classes:/Users/alishbat/.m2/repository/io/rest-assured/rest-assured/5.2.1/rest-assured-5.2.1.jar:/Users/alishbat/.m2/repository/org/apache/groovy/groovy/4.0.1/groovy-4.0.1.jar:/Users/alishbat/.m2/repository/org/apache/groovy/groovy-xml/4.0.1/groovy-xml-4.0.1.jar:/Users/alishbat/.m2/repository/org/apache/httpcomponents/httpclient/4.5.13/httpclient-4.5.13.jar:/Users/alishbat/.m2/repository/org/apache/httpcomponents/httpcore/4.4.13/httpcore-4.4.13.jar:/Users/alishbat/.m2/repository/commons-logging/commons-logging/1.2/commons-logging-1.2.jar:/Users/alishbat/.m2/repository/commons-codec/commons-codec/1.11/commons-codec-1.11.jar:/Users/alishbat/.m2/repository/org/apache/httpcomponents/httpmime/4.5.13/httpmime-4.5.13.jar:/Users/alishbat/.m2/repository/org/hamcrest/hamcrest/2.1/hamcrest-2.1.jar:/Users/alishbat/.m2/repository/org/ccil/cowan/tagsoup/tagsoup/1.2.1/tagsoup-1.2.1.jar:/Users/alishbat/.m2/repository/io/rest-assured/json-path/5.2.1/json-path-5.2.1.jar:/Users/alishbat/.m2/repository/org/apache/groovy/groovy-json/4.0.1/groovy-json-4.0.1.jar:/Users/alishbat/.m2/repository/io/rest-assured/rest-assured-common/5.2.1/rest-assured-common-5.2.1.jar:/Users/alishbat/.m2/repository/io/rest-assured/xml-path/5.2.1/xml-path-5.2.1.jar:/Users/alishbat/.m2/repository/org/apache/commons/commons-lang3/3.11/commons-lang3-3.11.jar:/Users/alishbat/.m2/repository/io/cucumber/cucumber-java/7.12.0/cucumber-java-7.12.0.jar:/Users/alishbat/.m2/repository/io/cucumber/cucumber-core/7.12.0/cucumber-core-7.12.0.jar:/Users/alishbat/.m2/repository/io/cucumber/cucumber-gherkin/7.12.0/cucumber-gherkin-7.12.0.jar:/Users/alishbat/.m2/repository/io/cucumber/cucumber-gherkin-messages/7.12.0/cucumber-gherkin-messages-7.12.0.jar:/Users/alishbat/.m2/repository/io/cucumber/gherkin/26.2.0/gherkin-26.2.0.jar:/Users/alishbat/.m2/repository/io/cucumber/messages/22.0.0/messages-22.0.0.jar:/Users/alishbat/.m2/repository/io/cucumber/tag-expressions/5.0.1/tag-expressions-5.0.1.jar:/Users/alishbat/.m2/repository/io/cucumber/cucumber-expressions/16.1.2/cucumber-expressions-16.1.2.jar:/Users/alishbat/.m2/repository/io/cucumber/datatable/7.12.0/datatable-7.12.0.jar:/Users/alishbat/.m2/repository/io/cucumber/cucumber-plugin/7.12.0/cucumber-plugin-7.12.0.jar:/Users/alishbat/.m2/repository/io/cucumber/docstring/7.12.0/docstring-7.12.0.jar:/Users/alishbat/.m2/repository/io/cucumber/html-formatter/20.3.0/html-formatter-20.3.0.jar:/Users/alishbat/.m2/repository/io/cucumber/junit-xml-formatter/0.2.0/junit-xml-formatter-0.2.0.jar:/Users/alishbat/.m2/repository/io/cucumber/ci-environment/9.2.0/ci-environment-9.2.0.jar:/Users/alishbat/.m2/repository/org/apiguardian/apiguardian-api/1.1.2/apiguardian-api-1.1.2.jar:/Users/alishbat/.m2/repository/io/cucumber/cucumber-junit/7.12.0/cucumber-junit-7.12.0.jar:/Users/alishbat/.m2/repository/junit/junit/4.13.2/junit-4.13.2.jar:/Users/alishbat/.m2/repository/org/hamcrest/hamcrest-core/1.3/hamcrest-core-1.3.jar:/Users/alishbat/.m2/repository/org/junit/jupiter/junit-jupiter-api/5.10.0-M1/junit-jupiter-api-5.10.0-M1.jar:/Users/alishbat/.m2/repository/org/opentest4j/opentest4j/1.2.0/opentest4j-1.2.0.jar:/Users/alishbat/.m2/repository/org/junit/platform/junit-platform-commons/1.10.0-M1/junit-platform-commons-1.10.0-M1.jar:/Users/alishbat/.m2/repository/org/testng/testng/7.7.1/testng-7.7.1.jar:/Users/alishbat/.m2/repository/org/slf4j/slf4j-api/1.7.36/slf4j-api-1.7.36.jar:/Users/alishbat/.m2/repository/com/beust/jcommander/1.82/jcommander-1.82.jar:/Users/alishbat/.m2/repository/org/webjars/jquery/3.6.1/jquery-3.6.1.jar:/Users/alishbat/.m2/repository/org/apache/logging/log4j/log4j-core/2.17.1/log4j-core-2.17.1.jar:/Users/alishbat/.m2/repository/org/apache/logging/log4j/log4j-api/2.17.1/log4j-api-2.17.1.jar:"/>
    <property name="java.vm.vendor" value="Oracle Corporation"/>
    <property name="sun.arch.data.model" value="64"/>
    <property name="java.vendor.url" value="https://openjdk.java.net/"/>
    <property name="user.timezone" value="Asia/Karachi"/>
    <property name="java.vm.specification.version" value="11"/>
    <property name="os.name" value="Mac OS X"/>
    <property name="sun.java.launcher" value="SUN_STANDARD"/>
    <property name="user.country" value="PK"/>
    <property name="sun.boot.library.path" value="/Library/Java/JavaVirtualMachines/jdk-11.0.15.1.jdk/Contents/Home/lib"/>
    <property name="sun.java.command" value="/Users/alishbat/Documents/API-Automation-Challenge-AlishbaK/target/surefire/surefirebooter10664439722753427765.jar /Users/alishbat/Documents/API-Automation-Challenge-AlishbaK/target/surefire 2023-05-16T23-08-05_673-jvmRun1 surefire10876103148760530338tmp surefire_03743520731481446839tmp"/>
    <property name="http.nonProxyHosts" value="local|*.local|169.254/16|*.169.254/16"/>
    <property name="jdk.debug" value="release"/>
    <property name="surefire.test.class.path" value="/Users/alishbat/Documents/API-Automation-Challenge-AlishbaK/target/test-classes:/Users/alishbat/Documents/API-Automation-Challenge-AlishbaK/target/classes:/Users/alishbat/.m2/repository/io/rest-assured/rest-assured/5.2.1/rest-assured-5.2.1.jar:/Users/alishbat/.m2/repository/org/apache/groovy/groovy/4.0.1/groovy-4.0.1.jar:/Users/alishbat/.m2/repository/org/apache/groovy/groovy-xml/4.0.1/groovy-xml-4.0.1.jar:/Users/alishbat/.m2/repository/org/apache/httpcomponents/httpclient/4.5.13/httpclient-4.5.13.jar:/Users/alishbat/.m2/repository/org/apache/httpcomponents/httpcore/4.4.13/httpcore-4.4.13.jar:/Users/alishbat/.m2/repository/commons-logging/commons-logging/1.2/commons-logging-1.2.jar:/Users/alishbat/.m2/repository/commons-codec/commons-codec/1.11/commons-codec-1.11.jar:/Users/alishbat/.m2/repository/org/apache/httpcomponents/httpmime/4.5.13/httpmime-4.5.13.jar:/Users/alishbat/.m2/repository/org/hamcrest/hamcrest/2.1/hamcrest-2.1.jar:/Users/alishbat/.m2/repository/org/ccil/cowan/tagsoup/tagsoup/1.2.1/tagsoup-1.2.1.jar:/Users/alishbat/.m2/repository/io/rest-assured/json-path/5.2.1/json-path-5.2.1.jar:/Users/alishbat/.m2/repository/org/apache/groovy/groovy-json/4.0.1/groovy-json-4.0.1.jar:/Users/alishbat/.m2/repository/io/rest-assured/rest-assured-common/5.2.1/rest-assured-common-5.2.1.jar:/Users/alishbat/.m2/repository/io/rest-assured/xml-path/5.2.1/xml-path-5.2.1.jar:/Users/alishbat/.m2/repository/org/apache/commons/commons-lang3/3.11/commons-lang3-3.11.jar:/Users/alishbat/.m2/repository/io/cucumber/cucumber-java/7.12.0/cucumber-java-7.12.0.jar:/Users/alishbat/.m2/repository/io/cucumber/cucumber-core/7.12.0/cucumber-core-7.12.0.jar:/Users/alishbat/.m2/repository/io/cucumber/cucumber-gherkin/7.12.0/cucumber-gherkin-7.12.0.jar:/Users/alishbat/.m2/repository/io/cucumber/cucumber-gherkin-messages/7.12.0/cucumber-gherkin-messages-7.12.0.jar:/Users/alishbat/.m2/repository/io/cucumber/gherkin/26.2.0/gherkin-26.2.0.jar:/Users/alishbat/.m2/repository/io/cucumber/messages/22.0.0/messages-22.0.0.jar:/Users/alishbat/.m2/repository/io/cucumber/tag-expressions/5.0.1/tag-expressions-5.0.1.jar:/Users/alishbat/.m2/repository/io/cucumber/cucumber-expressions/16.1.2/cucumber-expressions-16.1.2.jar:/Users/alishbat/.m2/repository/io/cucumber/datatable/7.12.0/datatable-7.12.0.jar:/Users/alishbat/.m2/repository/io/cucumber/cucumber-plugin/7.12.0/cucumber-plugin-7.12.0.jar:/Users/alishbat/.m2/repository/io/cucumber/docstring/7.12.0/docstring-7.12.0.jar:/Users/alishbat/.m2/repository/io/cucumber/html-formatter/20.3.0/html-formatter-20.3.0.jar:/Users/alishbat/.m2/repository/io/cucumber/junit-xml-formatter/0.2.0/junit-xml-formatter-0.2.0.jar:/Users/alishbat/.m2/repository/io/cucumber/ci-environment/9.2.0/ci-environment-9.2.0.jar:/Users/alishbat/.m2/repository/org/apiguardian/apiguardian-api/1.1.2/apiguardian-api-1.1.2.jar:/Users/alishbat/.m2/repository/io/cucumber/cucumber-junit/7.12.0/cucumber-junit-7.12.0.jar:/Users/alishbat/.m2/repository/junit/junit/4.13.2/junit-4.13.2.jar:/Users/alishbat/.m2/repository/org/hamcrest/hamcrest-core/1.3/hamcrest-core-1.3.jar:/Users/alishbat/.m2/repository/org/junit/jupiter/junit-jupiter-api/5.10.0-M1/junit-jupiter-api-5.10.0-M1.jar:/Users/alishbat/.m2/repository/org/opentest4j/opentest4j/1.2.0/opentest4j-1.2.0.jar:/Users/alishbat/.m2/repository/org/junit/platform/junit-platform-commons/1.10.0-M1/junit-platform-commons-1.10.0-M1.jar:/Users/alishbat/.m2/repository/org/testng/testng/7.7.1/testng-7.7.1.jar:/Users/alishbat/.m2/repository/org/slf4j/slf4j-api/1.7.36/slf4j-api-1.7.36.jar:/Users/alishbat/.m2/repository/com/beust/jcommander/1.82/jcommander-1.82.jar:/Users/alishbat/.m2/repository/org/webjars/jquery/3.6.1/jquery-3.6.1.jar:/Users/alishbat/.m2/repository/org/apache/logging/log4j/log4j-core/2.17.1/log4j-core-2.17.1.jar:/Users/alishbat/.m2/repository/org/apache/logging/log4j/log4j-api/2.17.1/log4j-api-2.17.1.jar:"/>
    <property name="sun.cpu.endian" value="little"/>
    <property name="user.home" value="/Users/alishbat"/>
    <property name="user.language" value="en"/>
    <property name="java.specification.vendor" value="Oracle Corporation"/>
    <property name="java.version.date" value="2022-04-22"/>
    <property name="java.home" value="/Library/Java/JavaVirtualMachines/jdk-11.0.15.1.jdk/Contents/Home"/>
    <property name="file.separator" value="/"/>
    <property name="basedir" value="/Users/alishbat/Documents/API-Automation-Challenge-AlishbaK"/>
    <property name="java.vm.compressedOopsMode" value="Zero based"/>
    <property name="line.separator" value="&#10;"/>
    <property name="java.specification.name" value="Java Platform API Specification"/>
    <property name="java.vm.specification.vendor" value="Oracle Corporation"/>
    <property name="java.awt.graphicsenv" value="sun.awt.CGraphicsEnvironment"/>
    <property name="surefire.real.class.path" value="/Users/alishbat/Documents/API-Automation-Challenge-AlishbaK/target/surefire/surefirebooter10664439722753427765.jar"/>
    <property name="sun.management.compiler" value="HotSpot 64-Bit Tiered Compilers"/>
    <property name="ftp.nonProxyHosts" value="local|*.local|169.254/16|*.169.254/16"/>
    <property name="java.runtime.version" value="11.0.15.1+2-LTS-10"/>
    <property name="user.name" value="alishbat"/>
    <property name="path.separator" value=":"/>
    <property name="os.version" value="13.2.1"/>
    <property name="java.runtime.name" value="Java(TM) SE Runtime Environment"/>
    <property name="file.encoding" value="US-ASCII"/>
    <property name="java.vm.name" value="Java HotSpot(TM) 64-Bit Server VM"/>
    <property name="java.vendor.version" value="18.9"/>
    <property name="localRepository" value="/Users/alishbat/.m2/repository"/>
    <property name="java.vendor.url.bug" value="https://bugreport.java.com/bugreport/"/>
    <property name="java.io.tmpdir" value="/var/folders/qn/1l5bvg8j6yb6q94_vzv_b55h0000gn/T/"/>
    <property name="java.version" value="11.0.15.1"/>
    <property name="user.dir" value="/Users/alishbat/Documents/API-Automation-Challenge-AlishbaK"/>
    <property name="os.arch" value="x86_64"/>
    <property name="java.vm.specification.name" value="Java Virtual Machine Specification"/>
    <property name="java.awt.printerjob" value="sun.lwawt.macosx.CPrinterJob"/>
    <property name="sun.os.patch.level" value="unknown"/>
    <property name="java.library.path" value="/Users/alishbat/Library/Java/Extensions:/Library/Java/Extensions:/Network/Library/Java/Extensions:/System/Library/Java/Extensions:/usr/lib/java:."/>
    <property name="java.vendor" value="Oracle Corporation"/>
    <property name="java.vm.info" value="mixed mode"/>
    <property name="java.vm.version" value="11.0.15.1+2-LTS-10"/>
    <property name="sun.io.unicode.encoding" value="UnicodeBig"/>
    <property name="java.class.version" value="55.0"/>
    <property name="socksNonProxyHosts" value="local|*.local|169.254/16|*.169.254/16"/>
  </properties>
  <testcase name="Retrieve all activities" classname="Retrieve Activities API" time="6.238"/>
</testsuite>